<File>
  <FileName>DIDPresenter.cpp</FileName>
  <FileType>8</FileType>
  <FilePath>../touchgfx/gui/src/did_screen/didpresenter.cpp</FilePath>
</File>
<File>
  <FileName>DIDView.cpp</FileName>
  <FileType>8</FileType>
  <FilePath>../touchgfx/gui/src/did_screen/didview.cpp</FilePath>
</File>
<File>
  <FileName>DTCPresenter.cpp</FileName>
  <FileType>8</FileType>
  <FilePath>../touchgfx/gui/src/dtc_screen/dtcpresenter.cpp</FilePath>
</File>
<File>
  <FileName>DTCView.cpp</FileName>
  <FileType>8</FileType>
  <FilePath>../touchgfx/gui/src/dtc_screen/dtcview.cpp</FilePath>
</File>
<File>
  <FileName>FrontendApplication.cpp</FileName>
  <FileType>8</FileType>
  <FilePath>../touchgfx/gui/src/common/frontendapplication.cpp</FilePath>
</File>
<File>
  <FileName>HOMEPresenter.cpp</FileName>
  <FileType>8</FileType>
  <FilePath>../touchgfx/gui/src/home_screen/homepresenter.cpp</FilePath>
</File>
<File>
  <FileName>HOMEView.cpp</FileName>
  <FileType>8</FileType>
  <FilePath>../touchgfx/gui/src/home_screen/homeview.cpp</FilePath>
</File>
<File>
  <FileName>KEYPresenter.cpp</FileName>
  <FileType>8</FileType>
  <FilePath>../touchgfx/gui/src/key_screen/keypresenter.cpp</FilePath>
</File>
<File>
  <FileName>KEYView.cpp</FileName>
  <FileType>8</FileType>
  <FilePath>../touchgfx/gui/src/key_screen/keyview.cpp</FilePath>
</File>
<File>
  <FileName>Model.cpp</FileName>
  <FileType>8</FileType>
  <FilePath>../touchgfx/gui/src/model/model.cpp</FilePath>
</File>
<File>
  <FileName>UPDATAPresenter.cpp</FileName>
  <FileType>8</FileType>
  <FilePath>../touchgfx/gui/src/updata_screen/updatapresenter.cpp</FilePath>
</File>
<File>
  <FileName>UPDATAView.cpp</FileName>
  <FileType>8</FileType>
  <FilePath>../touchgfx/gui/src/updata_screen/updataview.cpp</FilePath>
</File>
<File>
  <FileName>ApplicationFontProvider.cpp</FileName>
  <FileType>8</FileType>
  <FilePath>../touchgfx/generated/fonts/src/applicationfontprovider.cpp</FilePath>
</File>
<File>
  <FileName>b10.cpp</FileName>
  <FileType>8</FileType>
  <FilePath>../touchgfx/generated/images/src/b10.cpp</FilePath>
</File>
<File>
  <FileName>b4.cpp</FileName>
  <FileType>8</FileType>
  <FilePath>../touchgfx/generated/images/src/b4.cpp</FilePath>
</File>
<File>
  <FileName>b5.cpp</FileName>
  <FileType>8</FileType>
  <FilePath>../touchgfx/generated/images/src/b5.cpp</FilePath>
</File>
<File>
  <FileName>b7.cpp</FileName>
  <FileType>8</FileType>
  <FilePath>../touchgfx/generated/images/src/b7.cpp</FilePath>
</File>
<File>
  <FileName>BitmapDatabase.cpp</FileName>
  <FileType>8</FileType>
  <FilePath>../touchgfx/generated/images/src/bitmapdatabase.cpp</FilePath>
</File>
<File>
  <FileName>blue_buttons_round_edge_small.cpp</FileName>
  <FileType>8</FileType>
  <FilePath>../touchgfx/generated/images/src/__designer/blue_buttons_round_edge_small.cpp</FilePath>
</File>
<File>
  <FileName>blue_buttons_round_edge_small_pressed.cpp</FileName>
  <FileType>8</FileType>
  <FilePath>../touchgfx/generated/images/src/__designer/blue_buttons_round_edge_small_pressed.cpp</FilePath>
</File>
<File>
  <FileName>blue_buttons_round_small.cpp</FileName>
  <FileType>8</FileType>
  <FilePath>../touchgfx/generated/images/src/__designer/blue_buttons_round_small.cpp</FilePath>
</File>
<File>
  <FileName>blue_buttons_round_small_pressed.cpp</FileName>
  <FileType>8</FileType>
  <FilePath>../touchgfx/generated/images/src/__designer/blue_buttons_round_small_pressed.cpp</FilePath>
</File>
<File>
  <FileName>blue_progressindicators_bg_small_progress_indicator_bg_square_0_degrees.cpp</FileName>
  <FileType>8</FileType>
  <FilePath>../touchgfx/generated/images/src/__designer/blue_progressindicators_bg_small_progress_indicator_bg_square_0_degrees.cpp</FilePath>
</File>
<File>
  <FileName>blue_togglebars_toggle_round_large_button_off.cpp</FileName>
  <FileType>8</FileType>
  <FilePath>../touchgfx/generated/images/src/__designer/blue_togglebars_toggle_round_large_button_off.cpp</FilePath>
</File>
<File>
  <FileName>blue_togglebars_toggle_round_large_button_on.cpp</FileName>
  <FileType>8</FileType>
  <FilePath>../touchgfx/generated/images/src/__designer/blue_togglebars_toggle_round_large_button_on.cpp</FilePath>
</File>
<File>
  <FileName>btn.cpp</FileName>
  <FileType>8</FileType>
  <FilePath>../touchgfx/generated/images/src/btn.cpp</FilePath>
</File>
<File>
  <FileName>btn_pressed.cpp</FileName>
  <FileType>8</FileType>
  <FilePath>../touchgfx/generated/images/src/btn_pressed.cpp</FilePath>
</File>
<File>
  <FileName>DIDViewBase.cpp</FileName>
  <FileType>8</FileType>
  <FilePath>../touchgfx/generated/gui_generated/src/did_screen/didviewbase.cpp</FilePath>
</File>
<File>
  <FileName>DTCViewBase.cpp</FileName>
  <FileType>8</FileType>
  <FilePath>../touchgfx/generated/gui_generated/src/dtc_screen/dtcviewbase.cpp</FilePath>
</File>
<File>
  <FileName>Font_verdana_10_4bpp.cpp</FileName>
  <FileType>8</FileType>
  <FilePath>../touchgfx/generated/fonts/src/font_verdana_10_4bpp.cpp</FilePath>
</File>
<File>
  <FileName>Font_verdana_20_4bpp.cpp</FileName>
  <FileType>8</FileType>
  <FilePath>../touchgfx/generated/fonts/src/font_verdana_20_4bpp.cpp</FilePath>
</File>
<File>
  <FileName>Font_verdana_40_4bpp.cpp</FileName>
  <FileType>8</FileType>
  <FilePath>../touchgfx/generated/fonts/src/font_verdana_40_4bpp.cpp</FilePath>
</File>
<File>
  <FileName>FontGetters.cpp</FileName>
  <FileType>8</FileType>
  <FilePath>../touchgfx/generated/fonts/src/fontgetters.cpp</FilePath>
</File>
<File>
  <FileName>FrontendApplicationBase.cpp</FileName>
  <FileType>8</FileType>
  <FilePath>../touchgfx/generated/gui_generated/src/common/frontendapplicationbase.cpp</FilePath>
</File>
<File>
  <FileName>HOMEViewBase.cpp</FileName>
  <FileType>8</FileType>
  <FilePath>../touchgfx/generated/gui_generated/src/home_screen/homeviewbase.cpp</FilePath>
</File>
<File>
  <FileName>Kerning_verdana_10_4bpp.cpp</FileName>
  <FileType>8</FileType>
  <FilePath>../touchgfx/generated/fonts/src/kerning_verdana_10_4bpp.cpp</FilePath>
</File>
<File>
  <FileName>Kerning_verdana_20_4bpp.cpp</FileName>
  <FileType>8</FileType>
  <FilePath>../touchgfx/generated/fonts/src/kerning_verdana_20_4bpp.cpp</FilePath>
</File>
<File>
  <FileName>Kerning_verdana_40_4bpp.cpp</FileName>
  <FileType>8</FileType>
  <FilePath>../touchgfx/generated/fonts/src/kerning_verdana_40_4bpp.cpp</FilePath>
</File>
<File>
  <FileName>KEYViewBase.cpp</FileName>
  <FileType>8</FileType>
  <FilePath>../touchgfx/generated/gui_generated/src/key_screen/keyviewbase.cpp</FilePath>
</File>
<File>
  <FileName>LanguageGb.cpp</FileName>
  <FileType>8</FileType>
  <FilePath>../touchgfx/generated/texts/src/languagegb.cpp</FilePath>
</File>
<File>
  <FileName>Table_verdana_10_4bpp.cpp</FileName>
  <FileType>8</FileType>
  <FilePath>../touchgfx/generated/fonts/src/table_verdana_10_4bpp.cpp</FilePath>
</File>
<File>
  <FileName>Table_verdana_20_4bpp.cpp</FileName>
  <FileType>8</FileType>
  <FilePath>../touchgfx/generated/fonts/src/table_verdana_20_4bpp.cpp</FilePath>
</File>
<File>
  <FileName>Table_verdana_40_4bpp.cpp</FileName>
  <FileType>8</FileType>
  <FilePath>../touchgfx/generated/fonts/src/table_verdana_40_4bpp.cpp</FilePath>
</File>
<File>
  <FileName>Texts.cpp</FileName>
  <FileType>8</FileType>
  <FilePath>../touchgfx/generated/texts/src/texts.cpp</FilePath>
</File>
<File>
  <FileName>TypedTextDatabase.cpp</FileName>
  <FileType>8</FileType>
  <FilePath>../touchgfx/generated/texts/src/typedtextdatabase.cpp</FilePath>
</File>
<File>
  <FileName>UPDATAViewBase.cpp</FileName>
  <FileType>8</FileType>
  <FilePath>../touchgfx/generated/gui_generated/src/updata_screen/updataviewbase.cpp</FilePath>
</File>
